cran.lfl
git.lfl
load.lfl
goedel.algebra
goedel.algebra.examples
goguen.algebra
lukasiewicz.algebra
na.algebra
comp.data
comp.basic
comp.mult
comp.subsupsquare
comp.e
comp.u
comp.circ.excl
comp.circ.unavoid
comp.circ.excl.unavoid
comp.quant.atleast
comp.quant.combined
ctx
minmax
minmax2
horizon
hedge
lingexpr
emptyhedge1
emptyhedge2
triangular
lcut.logical
lcut.factor
lcut.numeric
lcut.data.frame
lcut.data.frame2
lcut.vars
lcut.specs
fcut.logfact
fcut.numeric1
fcut.triangular
fcut.numeric2
fcut.merge
fcut.merge2
fcut.varsspecs
quant1
quant2
quant3
quant4
quant5
quant6
quant7
searchrules
searchrules2
searchrules3
searchrules4
reduce
pbld1
pbld2
pbld3
pbld4
pbld5
pbld6
pbld_custom
fire
frbe
casestudy-assoc-iris
casestudy-assoc-lcut
casestudy-assoc-searchrules
casestudy-assoc-viewrules
casestudy-assoc-reduce
casestudy-assoc-arules
casestudy-assoc-arules-search
casestudy-assoc-arules-view
